<?xml version="1.0" encoding="UTF-8"?>
<!-- Generated by org.testng.reporters.JUnitReportReporter -->
<testsuite skipped="0" hostname="Mohammeds-MBP-2.home" name="com.testNG.practice.GroupsAnnotation" tests="8" failures="0" timestamp="2021-02-07T17:20:31 EST" time="0.017" errors="0">
  <testcase name="playGroundTest" time="0.004" classname="com.testNG.practice.GroupsAnnotation"/>
  <system-out/>
  <testcase name="newTestThree" time="0.001" classname="com.testNG.practice.GroupsAnnotation"/>
  <system-out/>
  <testcase name="newTestone" time="0.002" classname="com.testNG.practice.GroupsAnnotation"/>
  <system-out/>
  <testcase name="newTestTwo" time="0.002" classname="com.testNG.practice.GroupsAnnotation"/>
  <system-out/>
  <testcase name="lastTest" time="0.005" classname="com.testNG.practice.GroupsAnnotation"/>
  <system-out/>
  <testcase name="firstTest" time="0.001" classname="com.testNG.practice.GroupsAnnotation"/>
  <system-out/>
  <testcase name="catTest" time="0.001" classname="com.testNG.practice.GroupsAnnotation"/>
  <system-out/>
  <testcase name="appleTest" time="0.001" classname="com.testNG.practice.GroupsAnnotation"/>
  <system-out/>
</testsuite> <!-- com.testNG.practice.GroupsAnnotation -->
