<?xml version="1.0" encoding="UTF-8"?>
<!-- Generated by org.testng.reporters.JUnitReportReporter -->
<testsuite skipped="0" hostname="Mohammeds-MBP-2.home" name="com.testNG.parameters.ParameterTest" tests="1" failures="0" timestamp="2021-02-12T22:56:55 EST" time="18.151" errors="0">
  <testcase name="yahooLoginTest" time="18.151" classname="com.testNG.parameters.ParameterTest"/>
  <system-out/>
</testsuite> <!-- com.testNG.parameters.ParameterTest -->
