<?xml version="1.0" encoding="UTF-8"?>
<!-- Generated by org.testng.reporters.JUnitReportReporter -->
<testsuite skipped="0" hostname="Mohammeds-MBP-2.home" name="com.testNG.practice.InvocationCount" tests="7" failures="0" timestamp="2021-02-08T23:22:31 EST" time="0.004" errors="0">
  <testcase name="logIn" time="0.001" classname="com.testNG.practice.InvocationCount"/>
  <system-out/>
  <testcase name="homePageTest" time="0.001" classname="com.testNG.practice.InvocationCount"/>
  <system-out/>
  <testcase name="homePageTest" time="0.001" classname="com.testNG.practice.InvocationCount"/>
  <system-out/>
  <testcase name="homePageTest" time="0.000" classname="com.testNG.practice.InvocationCount"/>
  <system-out/>
  <testcase name="homePageTest" time="0.001" classname="com.testNG.practice.InvocationCount"/>
  <system-out/>
  <testcase name="homePageTest" time="0.000" classname="com.testNG.practice.InvocationCount"/>
  <system-out/>
  <testcase name="logOut" time="0.000" classname="com.testNG.practice.InvocationCount"/>
  <system-out/>
</testsuite> <!-- com.testNG.practice.InvocationCount -->
