<?xml version="1.0" encoding="UTF-8"?>
<!-- Generated by org.testng.reporters.JUnitReportReporter -->
<testsuite skipped="0" hostname="Mohammeds-MBP-2.home" name="com.testNG.parameters.DataProviderTest" tests="1" failures="0" timestamp="2021-02-13T23:01:33 EST" time="13.998" errors="0">
  <testcase name="createAccountWithDataTest" time="13.998" classname="com.testNG.parameters.DataProviderTest"/>
  <system-out/>
</testsuite> <!-- com.testNG.parameters.DataProviderTest -->
