<?xml version="1.0" encoding="UTF-8"?>
<!-- Generated by org.testng.reporters.JUnitReportReporter -->
<testsuite skipped="0" hostname="Mohammeds-MBP-2.home" name="com.testNG.practice.TestNGBasic" tests="4" failures="0" timestamp="2021-02-12T22:13:51 EST" time="0.003" errors="0">
  <testcase name="googleTitleTest" time="0.000" classname="com.testNG.practice.TestNGBasic"/>
  <system-out/>
  <testcase name="getTitle" time="0.002" classname="com.testNG.practice.TestNGBasic"/>
  <system-out/>
  <testcase name="logoTest" time="0.001" classname="com.testNG.practice.TestNGBasic"/>
  <system-out/>
  <testcase name="clickLogIn" time="0.000" classname="com.testNG.practice.TestNGBasic"/>
  <system-out/>
</testsuite> <!-- com.testNG.practice.TestNGBasic -->
